<?xml version="1.0" encoding="UTF-8"?>
<testng-results skipped="0" failed="0" total="1" passed="1">
  <reporter-output>
  </reporter-output>
  <suite name="Default suite" duration-ms="11696" started-at="2019-07-05T03:24:30Z" finished-at="2019-07-05T03:24:42Z">
    <groups>
    </groups>
    <test name="Default test" duration-ms="11696" started-at="2019-07-05T03:24:30Z" finished-at="2019-07-05T03:24:42Z">
      <class name="selenium_study.Webtable">
        <test-method status="PASS" signature="webtable()[pri:0, instance:selenium_study.Webtable@6d00a15d]" name="webtable" duration-ms="11657" started-at="2019-07-05T08:54:30Z" finished-at="2019-07-05T08:54:42Z">
          <reporter-output>
          </reporter-output>
        </test-method> <!-- webtable -->
      </class> <!-- selenium_study.Webtable -->
    </test> <!-- Default test -->
  </suite> <!-- Default suite -->
</testng-results>
