<?xml version="1.0" encoding="UTF-8"?>
<testng-results skipped="0" failed="0" total="1" passed="1">
  <reporter-output>
  </reporter-output>
  <suite name="Default suite" duration-ms="14794" started-at="2019-06-27T05:12:59Z" finished-at="2019-06-27T05:13:14Z">
    <groups>
    </groups>
    <test name="Default test" duration-ms="14794" started-at="2019-06-27T05:12:59Z" finished-at="2019-06-27T05:13:14Z">
      <class name="selenium_study.Calendar">
        <test-method status="PASS" signature="calendar()[pri:0, instance:selenium_study.Calendar@6d00a15d]" name="calendar" duration-ms="14757" started-at="2019-06-27T10:42:59Z" finished-at="2019-06-27T10:43:14Z">
          <reporter-output>
          </reporter-output>
        </test-method> <!-- calendar -->
      </class> <!-- selenium_study.Calendar -->
    </test> <!-- Default test -->
  </suite> <!-- Default suite -->
</testng-results>
